<?xml version="1.0" encoding="UTF-8"?>
<testsuite xmlns:xsi="http://www.w3.org/2001/XMLSchema-instance" xsi:noNamespaceSchemaLocation="https://maven.apache.org/surefire/maven-surefire-plugin/xsd/surefire-test-report.xsd" version="3.0.2" name="org.acme.GreetingResourceTest" time="4.587" tests="1" errors="0" skipped="0" failures="1">
  <properties>
[...]
</properties>
  <testcase name="testHelloEndpoint" classname="org.acme.GreetingResourceTest" time="0.57">
    <failure message="1 expectation failed.&#10;Expected status code &lt;200&gt; but was &lt;404&gt;.&#10;" type="java.lang.AssertionError"><![CDATA[java.lang.AssertionError: 
1 expectation failed.
Expected status code <200> but was <404>.

	at java.base/jdk.internal.reflect.DirectConstructorHandleAccessor.newInstance(DirectConstructorHandleAccessor.java:62)
	at java.base/java.lang.reflect.Constructor.newInstanceWithCaller(Constructor.java:502)
	at java.base/java.lang.reflect.Constructor.newInstance(Constructor.java:486)
	at org.codehaus.groovy.reflection.CachedConstructor.invoke(CachedConstructor.java:73)
	at org.codehaus.groovy.runtime.callsite.ConstructorSite$ConstructorSiteNoUnwrapNoCoerce.callConstructor(ConstructorSite.java:108)
	at org.codehaus.groovy.runtime.callsite.CallSiteArray.defaultCallConstructor(CallSiteArray.java:57)
	at org.codehaus.groovy.runtime.callsite.AbstractCallSite.callConstructor(AbstractCallSite.java:263)
	at org.codehaus.groovy.runtime.callsite.AbstractCallSite.callConstructor(AbstractCallSite.java:277)
	at io.restassured.internal.ResponseSpecificationImpl$HamcrestAssertionClosure.validate(ResponseSpecificationImpl.groovy:512)
	at io.restassured.internal.ResponseSpecificationImpl$HamcrestAssertionClosure$validate$1.call(Unknown Source)
	at org.codehaus.groovy.runtime.callsite.CallSiteArray.defaultCall(CallSiteArray.java:45)
	at org.codehaus.groovy.runtime.callsite.AbstractCallSite.call(AbstractCallSite.java:125)
	at org.codehaus.groovy.runtime.callsite.AbstractCallSite.call(AbstractCallSite.java:139)
	at io.restassured.internal.ResponseSpecificationImpl.validateResponseIfRequired(ResponseSpecificationImpl.groovy:696)
	at io.restassured.internal.ResponseSpecificationImpl.this$2$validateResponseIfRequired(ResponseSpecificationImpl.groovy)
	at java.base/jdk.internal.reflect.DirectMethodHandleAccessor.invoke(DirectMethodHandleAccessor.java:103)
	at java.base/java.lang.reflect.Method.invoke(Method.java:580)
	at org.codehaus.groovy.runtime.callsite.PlainObjectMetaMethodSite.doInvoke(PlainObjectMetaMethodSite.java:43)
	at org.codehaus.groovy.runtime.callsite.PogoMetaMethodSite$PogoCachedMethodSiteNoUnwrapNoCoerce.invoke(PogoMetaMethodSite.java:198)
	at org.codehaus.groovy.runtime.callsite.PogoMetaMethodSite.callCurrent(PogoMetaMethodSite.java:62)
	at org.codehaus.groovy.runtime.callsite.CallSiteArray.defaultCallCurrent(CallSiteArray.java:49)
	at org.codehaus.groovy.runtime.callsite.AbstractCallSite.callCurrent(AbstractCallSite.java:171)
	at org.codehaus.groovy.runtime.callsite.AbstractCallSite.callCurrent(AbstractCallSite.java:185)
	at io.restassured.internal.ResponseSpecificationImpl.statusCode(ResponseSpecificationImpl.groovy:135)
	at io.restassured.specification.ResponseSpecification$statusCode$0.callCurrent(Unknown Source)
	at org.codehaus.groovy.runtime.callsite.CallSiteArray.defaultCallCurrent(CallSiteArray.java:49)
	at org.codehaus.groovy.runtime.callsite.AbstractCallSite.callCurrent(AbstractCallSite.java:171)
	at org.codehaus.groovy.runtime.callsite.AbstractCallSite.callCurrent(AbstractCallSite.java:185)
	at io.restassured.internal.ResponseSpecificationImpl.statusCode(ResponseSpecificationImpl.groovy:143)
	at io.restassured.internal.ValidatableResponseOptionsImpl.statusCode(ValidatableResponseOptionsImpl.java:89)
	at org.acme.GreetingResourceTest.testHelloEndpoint(GreetingResourceTest.java:16)
	at java.base/java.lang.reflect.Method.invoke(Method.java:580)
	at io.quarkus.test.junit.QuarkusTestExtension.runExtensionMethod(QuarkusTestExtension.java:973)
	at io.quarkus.test.junit.QuarkusTestExtension.interceptTestMethod(QuarkusTestExtension.java:823)
	at java.base/java.util.ArrayList.forEach(ArrayList.java:1597)
	at java.base/java.util.ArrayList.forEach(ArrayList.java:1597)
]]></failure>
    <system-out><![CDATA[&amp#27;[35m[Hibernate]&amp#27;[0m 
    &amp#27;[34mset&amp#27;[0m client_min_messages = WARNING
&amp#27;[35m[Hibernate]&amp#27;[0m 
    &amp#27;[34malter&amp#27;[0m &amp#27;[34mtable&amp#27;[0m &amp#27;[34mif&amp#27;[0m &amp#27;[34mexists&amp#27;[0m PlayerEntity 
       &amp#27;[34mdrop&amp#27;[0m &amp#27;[34mconstraint&amp#27;[0m &amp#27;[34mif&amp#27;[0m &amp#27;[34mexists&amp#27;[0m FKij8kwfr6hxgibim3lm8fitov0
&amp#27;[35m[Hibernate]&amp#27;[0m 
    &amp#27;[34mdrop&amp#27;[0m &amp#27;[34mtable&amp#27;[0m &amp#27;[34mif&amp#27;[0m &amp#27;[34mexists&amp#27;[0m DealerEntity &amp#27;[34mcascade&amp#27;[0m
&amp#27;[35m[Hibernate]&amp#27;[0m 
    &amp#27;[34mdrop&amp#27;[0m &amp#27;[34mtable&amp#27;[0m &amp#27;[34mif&amp#27;[0m &amp#27;[34mexists&amp#27;[0m GameEntity &amp#27;[34mcascade&amp#27;[0m
&amp#27;[35m[Hibernate]&amp#27;[0m 
    &amp#27;[34mdrop&amp#27;[0m &amp#27;[34mtable&amp#27;[0m &amp#27;[34mif&amp#27;[0m &amp#27;[34mexists&amp#27;[0m PlayerEntity &amp#27;[34mcascade&amp#27;[0m
&amp#27;[35m[Hibernate]&amp#27;[0m 
    &amp#27;[34mdrop&amp#27;[0m &amp#27;[34msequence&amp#27;[0m &amp#27;[34mif&amp#27;[0m &amp#27;[34mexists&amp#27;[0m DealerEntity_SEQ
&amp#27;[35m[Hibernate]&amp#27;[0m 
    &amp#27;[34mdrop&amp#27;[0m &amp#27;[34msequence&amp#27;[0m &amp#27;[34mif&amp#27;[0m &amp#27;[34mexists&amp#27;[0m GameEntity_SEQ
&amp#27;[35m[Hibernate]&amp#27;[0m 
    &amp#27;[34mdrop&amp#27;[0m &amp#27;[34msequence&amp#27;[0m &amp#27;[34mif&amp#27;[0m &amp#27;[34mexists&amp#27;[0m PlayerEntity_SEQ
&amp#27;[35m[Hibernate]&amp#27;[0m 
    &amp#27;[34mcreate&amp#27;[0m &amp#27;[34msequence&amp#27;[0m DealerEntity_SEQ &amp#27;[34mstart&amp#27;[0m &amp#27;[34mwith&amp#27;[0m 1 &amp#27;[34mincrement&amp#27;[0m &amp#27;[34mby&amp#27;[0m 50
&amp#27;[35m[Hibernate]&amp#27;[0m 
    &amp#27;[34mcreate&amp#27;[0m &amp#27;[34msequence&amp#27;[0m GameEntity_SEQ &amp#27;[34mstart&amp#27;[0m &amp#27;[34mwith&amp#27;[0m 1 &amp#27;[34mincrement&amp#27;[0m &amp#27;[34mby&amp#27;[0m 50
&amp#27;[35m[Hibernate]&amp#27;[0m 
    &amp#27;[34mcreate&amp#27;[0m &amp#27;[34msequence&amp#27;[0m PlayerEntity_SEQ &amp#27;[34mstart&amp#27;[0m &amp#27;[34mwith&amp#27;[0m 1 &amp#27;[34mincrement&amp#27;[0m &amp#27;[34mby&amp#27;[0m 50
&amp#27;[35m[Hibernate]&amp#27;[0m 
    &amp#27;[34mcreate&amp#27;[0m &amp#27;[34mtable&amp#27;[0m DealerEntity (
        id &amp#27;[34mbigint&amp#27;[0m &amp#27;[34mnot&amp#27;[0m &amp#27;[34mnull&amp#27;[0m,
        employeeId &amp#27;[34mvarchar&amp#27;[0m(20),
        name &amp#27;[34mvarchar&amp#27;[0m(40),
        &amp#27;[34mprimary&amp#27;[0m &amp#27;[34mkey&amp#27;[0m (id)
    )
&amp#27;[35m[Hibernate]&amp#27;[0m 
    &amp#27;[34mcreate&amp#27;[0m &amp#27;[34mtable&amp#27;[0m GameEntity (
        id &amp#27;[34mbigint&amp#27;[0m &amp#27;[34mnot&amp#27;[0m &amp#27;[34mnull&amp#27;[0m,
        name &amp#27;[34mvarchar&amp#27;[0m(40) &amp#27;[34munique&amp#27;[0m,
        &amp#27;[34mprimary&amp#27;[0m &amp#27;[34mkey&amp#27;[0m (id)
    )
&amp#27;[35m[Hibernate]&amp#27;[0m 
    &amp#27;[34mcreate&amp#27;[0m &amp#27;[34mtable&amp#27;[0m PlayerEntity (
        game_id &amp#27;[34mbigint&amp#27;[0m,
        id &amp#27;[34mbigint&amp#27;[0m &amp#27;[34mnot&amp#27;[0m &amp#27;[34mnull&amp#27;[0m,
        name &amp#27;[34mvarchar&amp#27;[0m(40),
        &amp#27;[34mprimary&amp#27;[0m &amp#27;[34mkey&amp#27;[0m (id)
    )
&amp#27;[35m[Hibernate]&amp#27;[0m 
    &amp#27;[34malter&amp#27;[0m &amp#27;[34mtable&amp#27;[0m &amp#27;[34mif&amp#27;[0m &amp#27;[34mexists&amp#27;[0m PlayerEntity 
       &amp#27;[34madd&amp#27;[0m &amp#27;[34mconstraint&amp#27;[0m FKij8kwfr6hxgibim3lm8fitov0 
       &amp#27;[34mforeign&amp#27;[0m &amp#27;[34mkey&amp#27;[0m (game_id) 
       &amp#27;[34mreferences&amp#27;[0m GameEntity
&amp#27;[35m[Hibernate]&amp#27;[0m &amp#27;[34mINSERT&amp#27;[0m &amp#27;[34mINTO&amp#27;[0m gameEntity(id, name) &amp#27;[34mVALUES&amp#27;[0m (1, &amp#27;[36m'Poker'&amp#27;[0m)
&amp#27;[35m[Hibernate]&amp#27;[0m &amp#27;[34mINSERT&amp#27;[0m &amp#27;[34mINTO&amp#27;[0m gameEntity(id, name) &amp#27;[34mVALUES&amp#27;[0m (2, &amp#27;[36m'Blackjack'&amp#27;[0m)
&amp#27;[35m[Hibernate]&amp#27;[0m &amp#27;[34mINSERT&amp#27;[0m &amp#27;[34mINTO&amp#27;[0m gameEntity(id, name) &amp#27;[34mVALUES&amp#27;[0m (3, &amp#27;[36m'Roulette'&amp#27;[0m)
&amp#27;[35m[Hibernate]&amp#27;[0m &amp#27;[34mINSERT&amp#27;[0m &amp#27;[34mINTO&amp#27;[0m gameEntity(id, name) &amp#27;[34mVALUES&amp#27;[0m (4, &amp#27;[36m'Baccarat'&amp#27;[0m)
&amp#27;[35m[Hibernate]&amp#27;[0m &amp#27;[34mINSERT&amp#27;[0m &amp#27;[34mINTO&amp#27;[0m gameEntity(id, name) &amp#27;[34mVALUES&amp#27;[0m (5, &amp#27;[36m'Craps'&amp#27;[0m)
&amp#27;[35m[Hibernate]&amp#27;[0m &amp#27;[34mALTER&amp#27;[0m &amp#27;[34mSEQUENCE&amp#27;[0m gameEntity_seq RESTART &amp#27;[34mWITH&amp#27;[0m 6
&amp#27;[35m[Hibernate]&amp#27;[0m &amp#27;[34mINSERT&amp#27;[0m &amp#27;[34mINTO&amp#27;[0m playerEntity(id, name, game_id) &amp#27;[34mVALUES&amp#27;[0m (1, &amp#27;[36m'John Doe'&amp#27;[0m, 1)
&amp#27;[35m[Hibernate]&amp#27;[0m &amp#27;[34mINSERT&amp#27;[0m &amp#27;[34mINTO&amp#27;[0m playerEntity(id, name, game_id) &amp#27;[34mVALUES&amp#27;[0m (2, &amp#27;[36m'Jane Smith'&amp#27;[0m, 1)
&amp#27;[35m[Hibernate]&amp#27;[0m &amp#27;[34mINSERT&amp#27;[0m &amp#27;[34mINTO&amp#27;[0m playerEntity(id, name, game_id) &amp#27;[34mVALUES&amp#27;[0m (3, &amp#27;[36m'Bob Johnson'&amp#27;[0m, 2)
&amp#27;[35m[Hibernate]&amp#27;[0m &amp#27;[34mINSERT&amp#27;[0m &amp#27;[34mINTO&amp#27;[0m playerEntity(id, name, game_id) &amp#27;[34mVALUES&amp#27;[0m (4, &amp#27;[36m'Alice Brown'&amp#27;[0m, 2)
&amp#27;[35m[Hibernate]&amp#27;[0m &amp#27;[34mINSERT&amp#27;[0m &amp#27;[34mINTO&amp#27;[0m playerEntity(id, name, game_id) &amp#27;[34mVALUES&amp#27;[0m (5, &amp#27;[36m'Charlie Davis'&amp#27;[0m, 3)
&amp#27;[35m[Hibernate]&amp#27;[0m &amp#27;[34mINSERT&amp#27;[0m &amp#27;[34mINTO&amp#27;[0m playerEntity(id, name, game_id) &amp#27;[34mVALUES&amp#27;[0m (6, &amp#27;[36m'Diana Wilson'&amp#27;[0m, 4)
&amp#27;[35m[Hibernate]&amp#27;[0m &amp#27;[34mINSERT&amp#27;[0m &amp#27;[34mINTO&amp#27;[0m playerEntity(id, name, game_id) &amp#27;[34mVALUES&amp#27;[0m (7, &amp#27;[36m'Ethan Hunt'&amp#27;[0m, 5)
&amp#27;[35m[Hibernate]&amp#27;[0m &amp#27;[34mINSERT&amp#27;[0m &amp#27;[34mINTO&amp#27;[0m playerEntity(id, name, game_id) &amp#27;[34mVALUES&amp#27;[0m (8, &amp#27;[36m'Fiona Gallagher'&amp#27;[0m, 5)
&amp#27;[35m[Hibernate]&amp#27;[0m &amp#27;[34mALTER&amp#27;[0m &amp#27;[34mSEQUENCE&amp#27;[0m playerEntity_seq RESTART &amp#27;[34mWITH&amp#27;[0m 9
&amp#27;[35m[Hibernate]&amp#27;[0m &amp#27;[34mINSERT&amp#27;[0m &amp#27;[34mINTO&amp#27;[0m dealerEntity(id, name, employeeId) &amp#27;[34mVALUES&amp#27;[0m (1, &amp#27;[36m'Michael Scott'&amp#27;[0m, &amp#27;[36m'D001'&amp#27;[0m)
&amp#27;[35m[Hibernate]&amp#27;[0m &amp#27;[34mINSERT&amp#27;[0m &amp#27;[34mINTO&amp#27;[0m dealerEntity(id, name, employeeId) &amp#27;[34mVALUES&amp#27;[0m (2, &amp#27;[36m'Pam Beesly'&amp#27;[0m, &amp#27;[36m'D002'&amp#27;[0m)
&amp#27;[35m[Hibernate]&amp#27;[0m &amp#27;[34mINSERT&amp#27;[0m &amp#27;[34mINTO&amp#27;[0m dealerEntity(id, name, employeeId) &amp#27;[34mVALUES&amp#27;[0m (3, &amp#27;[36m'Jim Halpert'&amp#27;[0m, &amp#27;[36m'D003'&amp#27;[0m)
&amp#27;[35m[Hibernate]&amp#27;[0m &amp#27;[34mINSERT&amp#27;[0m &amp#27;[34mINTO&amp#27;[0m dealerEntity(id, name, employeeId) &amp#27;[34mVALUES&amp#27;[0m (4, &amp#27;[36m'Dwight Schrute'&amp#27;[0m, &amp#27;[36m'D004'&amp#27;[0m)
&amp#27;[35m[Hibernate]&amp#27;[0m &amp#27;[34mINSERT&amp#27;[0m &amp#27;[34mINTO&amp#27;[0m dealerEntity(id, name, employeeId) &amp#27;[34mVALUES&amp#27;[0m (5, &amp#27;[36m'Angela Martin'&amp#27;[0m, &amp#27;[36m'D005'&amp#27;[0m)
&amp#27;[35m[Hibernate]&amp#27;[0m &amp#27;[34mALTER&amp#27;[0m &amp#27;[34mSEQUENCE&amp#27;[0m dealerEntity_seq RESTART &amp#27;[34mWITH&amp#27;[0m 6
2024-09-16 22:15:56,596 INFO  [io.quarkus] (main) tableye 1.0.0-SNAPSHOT on JVM (powered by Quarkus 3.14.4) started in 2.584s. Listening on: http://localhost:8081
2024-09-16 22:15:56,597 INFO  [io.quarkus] (main) Profile test activated. 
2024-09-16 22:15:56,597 INFO  [io.quarkus] (main) Installed features: [agroal, cdi, hibernate-orm, hibernate-orm-panache, jdbc-postgresql, narayana-jta, rest, rest-jackson, smallrye-context-propagation, vertx]
]]></system-out>
  </testcase>
</testsuite>